0 info it worked if it ends with ok
1 verbose cli [ '/usr/local/bin/node', '/usr/local/bin/npm', 'start' ]
2 info using npm@3.3.12
3 info using node@v5.1.0
4 verbose run-script [ 'prestart', 'start', 'poststart' ]
5 info lifecycle mean-drinks@~prestart: mean-drinks@
6 silly lifecycle mean-drinks@~prestart: no script for prestart, continuing
7 info lifecycle mean-drinks@~start: mean-drinks@
8 verbose lifecycle mean-drinks@~start: unsafe-perm in lifecycle true
9 verbose lifecycle mean-drinks@~start: PATH: /usr/local/lib/node_modules/npm/bin/node-gyp-bin:/Users/colinmackenzie/Desktop/projects/mean_drinks/node_modules/.bin:/Users/colinmackenzie/.rvm/gems/ruby-2.1.1/bin:/Users/colinmackenzie/.rvm/gems/ruby-2.1.1@global/bin:/Users/colinmackenzie/.rvm/rubies/ruby-2.1.1/bin:/bin:/sbin:/usr/bin:/usr/local/sbin:/usr/local/bin:/usr/bin:/bin:/usr/sbin:/sbin:/usr/local/bin:/usr/local/MacGPG2/bin:/Users/colinmackenzie/bin:/Users/colinmackenzie/.rvm/bin
10 verbose lifecycle mean-drinks@~start: CWD: /Users/colinmackenzie/Desktop/projects/mean_drinks
11 silly lifecycle mean-drinks@~start: Args: [ '-c', 'node server.js' ]
12 silly lifecycle mean-drinks@~start: Returned: code: 1  signal: null
13 info lifecycle mean-drinks@~start: Failed to exec start script
14 verbose stack Error: mean-drinks@ start: `node server.js`
14 verbose stack Exit status 1
14 verbose stack     at EventEmitter.<anonymous> (/usr/local/lib/node_modules/npm/lib/utils/lifecycle.js:232:16)
14 verbose stack     at emitTwo (events.js:87:13)
14 verbose stack     at EventEmitter.emit (events.js:172:7)
14 verbose stack     at ChildProcess.<anonymous> (/usr/local/lib/node_modules/npm/lib/utils/spawn.js:24:14)
14 verbose stack     at emitTwo (events.js:87:13)
14 verbose stack     at ChildProcess.emit (events.js:172:7)
14 verbose stack     at maybeClose (internal/child_process.js:818:16)
14 verbose stack     at Process.ChildProcess._handle.onexit (internal/child_process.js:211:5)
15 verbose pkgid mean-drinks@
16 verbose cwd /Users/colinmackenzie/Desktop/projects/mean_drinks
17 error Darwin 13.4.0
18 error argv "/usr/local/bin/node" "/usr/local/bin/npm" "start"
19 error node v5.1.0
20 error npm  v3.3.12
21 error code ELIFECYCLE
22 error mean-drinks@ start: `node server.js`
22 error Exit status 1
23 error Failed at the mean-drinks@ start script 'node server.js'.
23 error Make sure you have the latest version of node.js and npm installed.
23 error If you do, this is most likely a problem with the mean-drinks package,
23 error not with npm itself.
23 error Tell the author that this fails on your system:
23 error     node server.js
23 error You can get their info via:
23 error     npm owner ls mean-drinks
23 error There is likely additional logging output above.
24 verbose exit [ 1, true ]
